<?xml version="1.0" encoding="UTF-8"?>
<robot generator="Robot 4.0.3 (Python 3.9.5 on win32)" generated="20210617 15:22:53.796" rpa="false" schemaversion="2">
<suite id="s1" name="TestMovieApi" source="C:\dev\spring-boot-kotlin-learn\src\main\resources\TestMovieApi.robot">
<test id="s1-t1" name="TC_001_Get_All_Movies">
<kw name="Create Session" library="RequestsLibrary">
<arg>Get_All_Movies</arg>
<arg>${BASE_URL}</arg>
<doc>Create Session: create a HTTP session to a server</doc>
<msg timestamp="20210617 15:22:53.964" level="INFO">Creating Session using : alias=Get_All_Movies, url=http://localhost:8082/api/movies, headers={},                     cookies={}, auth=None, timeout=None, proxies=None, verify=False,                     debug=0 </msg>
<status status="PASS" starttime="20210617 15:22:53.964" endtime="20210617 15:22:53.964"/>
</kw>
<kw name="Get On Session" library="RequestsLibrary">
<var>${resp}</var>
<arg>Get_All_Movies</arg>
<arg>/</arg>
<doc>Sends a GET request on a previously created HTTP Session.</doc>
<msg timestamp="20210617 15:22:53.987" level="INFO">GET Request : url=http://localhost:8082/api/movies/ 
 path_url=/api/movies/ 
 headers={'User-Agent': 'python-requests/2.25.1', 'Accept-Encoding': 'gzip, deflate', 'Accept': '*/*', 'Connection': 'keep-alive'} 
 body=None 
 </msg>
<msg timestamp="20210617 15:22:53.987" level="INFO">GET Response : url=http://localhost:8082/api/movies/ 
 status=200, reason= 
 headers={'Content-Type': 'application/json', 'Transfer-Encoding': 'chunked', 'Date': 'Thu, 17 Jun 2021 08:22:53 GMT', 'Keep-Alive': 'timeout=60', 'Connection': 'keep-alive'} 
 body={"status":{"code":1000,"header":null,"description":null},"data":[{"id":"123","name":"bob","des":"aaa","price":20}]} 
 </msg>
<msg timestamp="20210617 15:22:53.987" level="INFO">${resp} = &lt;Response [200]&gt;</msg>
<status status="PASS" starttime="20210617 15:22:53.965" endtime="20210617 15:22:53.987"/>
</kw>
<kw name="Status Should Be" library="RequestsLibrary">
<arg>200</arg>
<arg>${resp}</arg>
<doc>Fails if response status code is different than the expected.</doc>
<status status="PASS" starttime="20210617 15:22:53.987" endtime="20210617 15:22:53.988"/>
</kw>
<kw name="Should Be Equal As Strings" library="BuiltIn">
<arg>${resp.status_code}</arg>
<arg>200</arg>
<doc>Fails if objects are unequal after converting them to strings.</doc>
<msg timestamp="20210617 15:22:53.989" level="INFO">Argument types are:
&lt;class 'int'&gt;
&lt;type 'unicode'&gt;</msg>
<status status="PASS" starttime="20210617 15:22:53.988" endtime="20210617 15:22:53.989"/>
</kw>
<status status="PASS" starttime="20210617 15:22:53.959" endtime="20210617 15:22:53.990"/>
</test>
<test id="s1-t2" name="Post Requests with Json Data">
<kw name="Create Session" library="RequestsLibrary">
<arg>Create_Movie</arg>
<arg>${BASE_URL}</arg>
<doc>Create Session: create a HTTP session to a server</doc>
<msg timestamp="20210617 15:22:53.992" level="INFO">Creating Session using : alias=Create_Movie, url=http://localhost:8082/api/movies, headers={},                     cookies={}, auth=None, timeout=None, proxies=None, verify=False,                     debug=0 </msg>
<status status="PASS" starttime="20210617 15:22:53.992" endtime="20210617 15:22:53.992"/>
</kw>
<kw name="Create Dictionary" library="BuiltIn">
<var>&amp;{data}</var>
<arg>id=123</arg>
<arg>name=bob</arg>
<arg>des=aaa</arg>
<arg>price=20</arg>
<doc>Creates and returns a dictionary based on the given ``items``.</doc>
<msg timestamp="20210617 15:22:53.993" level="INFO">&amp;{data} = { id=123 | name=bob | des=aaa | price=20 }</msg>
<status status="PASS" starttime="20210617 15:22:53.992" endtime="20210617 15:22:53.993"/>
</kw>
<kw name="Post On Session" library="RequestsLibrary">
<var>${resp}</var>
<arg>Create_Movie</arg>
<arg>/</arg>
<arg>json=${data}</arg>
<doc>Sends a POST request on a previously created HTTP Session.</doc>
<msg timestamp="20210617 15:22:54.001" level="INFO">POST Request : url=http://localhost:8082/api/movies/ 
 path_url=/api/movies/ 
 headers={'User-Agent': 'python-requests/2.25.1', 'Accept-Encoding': 'gzip, deflate', 'Accept': '*/*', 'Connection': 'keep-alive', 'Content-Length': '57', 'Content-Type': 'application/json'} 
 body=b'{"id": "123", "name": "bob", "des": "aaa", "price": "20"}' 
 </msg>
<msg timestamp="20210617 15:22:54.001" level="INFO">POST Response : url=http://localhost:8082/api/movies/ 
 status=200, reason= 
 headers={'Content-Type': 'application/json', 'Transfer-Encoding': 'chunked', 'Date': 'Thu, 17 Jun 2021 08:22:53 GMT', 'Keep-Alive': 'timeout=60', 'Connection': 'keep-alive'} 
 body={"status":{"code":1000,"header":null,"description":null},"data":{"id":"123","name":"bob","des":"aaa","price":20}} 
 </msg>
<msg timestamp="20210617 15:22:54.001" level="INFO">${resp} = &lt;Response [200]&gt;</msg>
<status status="PASS" starttime="20210617 15:22:53.993" endtime="20210617 15:22:54.001"/>
</kw>
<kw name="Should Be Equal As Strings" library="BuiltIn">
<arg>${resp.status_code}</arg>
<arg>200</arg>
<doc>Fails if objects are unequal after converting them to strings.</doc>
<msg timestamp="20210617 15:22:54.002" level="INFO">Argument types are:
&lt;class 'int'&gt;
&lt;type 'unicode'&gt;</msg>
<status status="PASS" starttime="20210617 15:22:54.002" endtime="20210617 15:22:54.002"/>
</kw>
<kw name="To Json" library="RequestsLibrary">
<var>${jsondata}</var>
<arg>${resp.content}</arg>
<doc>*DEPRECATED* Please use ${resp.json()} instead. Have a look at the improved HTML output as pretty printing replacement.</doc>
<msg timestamp="20210617 15:22:54.004" level="WARN">Keyword 'RequestsLibrary.To Json' is deprecated. Please use ${resp.json()} instead. Have a look at the improved HTML output as pretty printing replacement.</msg>
<msg timestamp="20210617 15:22:54.005" level="INFO">To JSON using : content={"status":{"code":1000,"header":null,"description":null},"data":{"id":"123","name":"bob","des":"aaa","price":20}} </msg>
<msg timestamp="20210617 15:22:54.006" level="INFO">To JSON using : pretty_print=False </msg>
<msg timestamp="20210617 15:22:54.006" level="INFO">${jsondata} = {'status': {'code': 1000, 'header': None, 'description': None}, 'data': {'id': '123', 'name': 'bob', 'des': 'aaa', 'price': 20}}</msg>
<status status="PASS" starttime="20210617 15:22:54.004" endtime="20210617 15:22:54.006"/>
</kw>
<kw name="Log To Console" library="BuiltIn">
<arg>${jsondata}</arg>
<doc>Logs the given message to the console.</doc>
<status status="PASS" starttime="20210617 15:22:54.006" endtime="20210617 15:22:54.007"/>
</kw>
<status status="PASS" starttime="20210617 15:22:53.991" endtime="20210617 15:22:54.010"/>
</test>
<status status="PASS" starttime="20210617 15:22:53.798" endtime="20210617 15:22:54.012"/>
</suite>
<statistics>
<total>
<stat pass="2" fail="0" skip="0">All Tests</stat>
</total>
<tag>
</tag>
<suite>
<stat pass="2" fail="0" skip="0" id="s1" name="TestMovieApi">TestMovieApi</stat>
</suite>
</statistics>
<errors>
<msg timestamp="20210617 15:22:54.004" level="WARN">Keyword 'RequestsLibrary.To Json' is deprecated. Please use ${resp.json()} instead. Have a look at the improved HTML output as pretty printing replacement.</msg>
</errors>
</robot>
